Using pre-set license
Built from '2020.3/staging' branch; Version is '2020.3.30f1 (1fb1bf06830e) revision 2077119'; Using compiler version '192528614'; Build Type 'Release'
OS: 'Windows 11  (10.0.22621) 64bit Professional' Language: 'ko' Physical Memory: 16121 MB
BatchMode: 1, IsHumanControllingUs: 0, StartBugReporterOnCrash: 0, Is64bit: 1, IsPro: 0

COMMAND LINE ARGUMENTS:
C:\Program Files\Unity\Hub\Editor\2020.3.30f1\Editor\Unity.exe
-adb2
-batchMode
-noUpm
-name
AssetImportWorker0
-projectPath
D:/GAME_DEVELOPMENT/GitHub/2022_Engine_Study/2ST_Semester/TopDownTank
-logFile
Logs/AssetImportWorker0.log
-srvPort
54142
Successfully changed project path to: D:/GAME_DEVELOPMENT/GitHub/2022_Engine_Study/2ST_Semester/TopDownTank
D:/GAME_DEVELOPMENT/GitHub/2022_Engine_Study/2ST_Semester/TopDownTank
Using Asset Import Pipeline V2.
Refreshing native plugins compatible for Editor in 48.53 ms, found 3 plugins.
Preloading 0 native plugins for Editor in 0.00 ms.
Initialize engine version: 2020.3.30f1 (1fb1bf06830e)
[Subsystems] Discovering subsystems at path C:/Program Files/Unity/Hub/Editor/2020.3.30f1/Editor/Data/Resources/UnitySubsystems
[Subsystems] Discovering subsystems at path D:/GAME_DEVELOPMENT/GitHub/2022_Engine_Study/2ST_Semester/TopDownTank/Assets
GfxDevice: creating device client; threaded=0
Direct3D:
    Version:  Direct3D 11.0 [level 11.1]
    Renderer: NVIDIA GeForce RTX 3050 Ti Laptop GPU (ID=0x25a0)
    Vendor:   
    VRAM:     3990 MB
    Driver:   30.0.15.1215
Initialize mono
Mono path[0] = 'C:/Program Files/Unity/Hub/Editor/2020.3.30f1/Editor/Data/Managed'
Mono path[1] = 'C:/Program Files/Unity/Hub/Editor/2020.3.30f1/Editor/Data/MonoBleedingEdge/lib/mono/unityjit'
Mono config path = 'C:/Program Files/Unity/Hub/Editor/2020.3.30f1/Editor/Data/MonoBleedingEdge/etc'
Using monoOptions --debugger-agent=transport=dt_socket,embedding=1,server=y,suspend=n,address=127.0.0.1:56192
Begin MonoManager ReloadAssembly
Registering precompiled unity dll's ...
Register platform support module: C:/Program Files/Unity/Hub/Editor/2020.3.30f1/Editor/Data/PlaybackEngines/WindowsStandaloneSupport/UnityEditor.WindowsStandalone.Extensions.dll
Registered in 0.001471 seconds.
Native extension for WindowsStandalone target not found
Refreshing native plugins compatible for Editor in 57.80 ms, found 3 plugins.
Preloading 0 native plugins for Editor in 0.00 ms.
Mono: successfully reloaded assembly
- Completed reload, in  0.644 seconds
Domain Reload Profiling:
	ReloadAssembly (645ms)
		BeginReloadAssembly (61ms)
			ExecutionOrderSort (0ms)
			DisableScriptedObjects (0ms)
			BackupInstance (0ms)
			ReleaseScriptingObjects (0ms)
			CreateAndSetChildDomain (1ms)
		EndReloadAssembly (510ms)
			LoadAssemblies (59ms)
			RebuildTransferFunctionScriptingTraits (0ms)
			SetupTypeCache (150ms)
			ReleaseScriptCaches (0ms)
			RebuildScriptCaches (30ms)
			SetupLoadedEditorAssemblies (223ms)
				LogAssemblyErrors (0ms)
				InitializePlatformSupportModulesInManaged (5ms)
				SetLoadedEditorAssemblies (0ms)
				RefreshPlugins (58ms)
				BeforeProcessingInitializeOnLoad (14ms)
				ProcessInitializeOnLoadAttributes (109ms)
				ProcessInitializeOnLoadMethodAttributes (36ms)
				AfterProcessingInitializeOnLoad (0ms)
				EditorAssembliesLoaded (0ms)
			ExecutionOrderSort2 (0ms)
			AwakeInstancesAfterBackupRestoration (0ms)
Platform modules already initialized, skipping
Registering precompiled user dll's ...
Registered in 0.002453 seconds.
Begin MonoManager ReloadAssembly
Native extension for WindowsStandalone target not found
Refreshing native plugins compatible for Editor in 51.42 ms, found 3 plugins.
Preloading 0 native plugins for Editor in 0.00 ms.
Mono: successfully reloaded assembly
- Completed reload, in  1.189 seconds
Domain Reload Profiling:
	ReloadAssembly (1189ms)
		BeginReloadAssembly (148ms)
			ExecutionOrderSort (0ms)
			DisableScriptedObjects (4ms)
			BackupInstance (0ms)
			ReleaseScriptingObjects (0ms)
			CreateAndSetChildDomain (20ms)
		EndReloadAssembly (983ms)
			LoadAssemblies (101ms)
			RebuildTransferFunctionScriptingTraits (0ms)
			SetupTypeCache (353ms)
			ReleaseScriptCaches (1ms)
			RebuildScriptCaches (49ms)
			SetupLoadedEditorAssemblies (369ms)
				LogAssemblyErrors (0ms)
				InitializePlatformSupportModulesInManaged (4ms)
				SetLoadedEditorAssemblies (0ms)
				RefreshPlugins (52ms)
				BeforeProcessingInitializeOnLoad (84ms)
				ProcessInitializeOnLoadAttributes (206ms)
				ProcessInitializeOnLoadMethodAttributes (18ms)
				AfterProcessingInitializeOnLoad (5ms)
				EditorAssembliesLoaded (0ms)
			ExecutionOrderSort2 (0ms)
			AwakeInstancesAfterBackupRestoration (7ms)
Platform modules already initialized, skipping
========================================================================
Worker process is ready to serve import requests
Launched and connected shader compiler UnityShaderCompiler.exe after 0.08 seconds
Refreshing native plugins compatible for Editor in 0.93 ms, found 3 plugins.
Preloading 0 native plugins for Editor in 0.00 ms.
Unloading 2239 Unused Serialized files (Serialized files now loaded: 0)
System memory in use before: 97.4 MB.
System memory in use after: 97.3 MB.

Unloading 31 unused Assets to reduce memory usage. Loaded Objects now: 2670.
Total: 7.817800 ms (FindLiveObjects: 0.206300 ms CreateObjectMapping: 0.085600 ms MarkObjects: 7.241400 ms  DeleteObjects: 0.281600 ms)

AssetImportParameters requested are different than current active one (requested -> active):
  custom:framework-win-MediaFoundation: 216162199b28c13a410421893ffa2e32 -> 
  custom:video-decoder-ogg-theora: a1e56fd34408186e4bbccfd4996cb3dc -> 
  custom:container-muxer-webm: aa71ff27fc2769a1b78a27578f13a17b -> 
  custom:container-demuxer-webm: 4f35f7cbe854078d1ac9338744f61a02 -> 
  custom:container-demuxer-ogg: 62fdf1f143b41e24485cea50d1cbac27 -> 
  custom:video-encoder-webm-vp8: eb34c28f22e8b96e1ab97ce403110664 -> 
  custom:video-codec-MediaFoundation-h265: 746d11721c4dcdbdad8f713fa42b33f4 -> 
  custom:video-decoder-webm-vp8: 9c59270c3fd7afecdb556c50c9e8de78 -> 
  custom:audio-decoder-ogg-vorbis: bf7c407c2cedff20999df2af8eb42d56 -> 
  custom:audio-encoder-webm-vorbis: bf7c407c2cedff20999df2af8eb42d56 -> 
========================================================================
Received Import Request.
  path: Assets/99.Other
  artifactKey: Guid(3167e871b3ade4d42898506c1f243548) Importer(815301076,1909f56bfc062723c751e8b465ee728b)
Start importing Assets/99.Other using Guid(3167e871b3ade4d42898506c1f243548) Importer(815301076,1909f56bfc062723c751e8b465ee728b)  -> (artifact id: 'a935ed8309bd43802e484bbc7755da6a') in 0.014388 seconds 
========================================================================
Received Import Request.
  Time since last request: 123.432122 seconds.
  path: Assets/Audio
  artifactKey: Guid(3266617ef621851488534f6ce888c8f8) Importer(815301076,1909f56bfc062723c751e8b465ee728b)
Start importing Assets/Audio using Guid(3266617ef621851488534f6ce888c8f8) Importer(815301076,1909f56bfc062723c751e8b465ee728b)  -> (artifact id: '4de156f2385b8fb9507f34aa1a737e90') in 0.006714 seconds 
========================================================================
Received Import Request.
  Time since last request: 2.981880 seconds.
  path: Assets/Audio/418882__kierankeegan__tank-reload_modified.wav
  artifactKey: Guid(610e74cfa5183d1468c837f8515af378) Importer(815301076,1909f56bfc062723c751e8b465ee728b)
Start importing Assets/Audio/418882__kierankeegan__tank-reload_modified.wav using Guid(610e74cfa5183d1468c837f8515af378) Importer(815301076,1909f56bfc062723c751e8b465ee728b)  -> (artifact id: '5a5cfd6e5c1393d01304770412c496a0') in 0.177092 seconds 
========================================================================
Received Import Request.
  Time since last request: 7.430083 seconds.
  path: Assets/Sprites/Kenny Topdown Tanks Redux
  artifactKey: Guid(5b291b61b60922d478a9201859c88785) Importer(815301076,1909f56bfc062723c751e8b465ee728b)
Start importing Assets/Sprites/Kenny Topdown Tanks Redux using Guid(5b291b61b60922d478a9201859c88785) Importer(815301076,1909f56bfc062723c751e8b465ee728b)  -> (artifact id: 'befdbcd100f5b482742edc628d3b3194') in 0.008256 seconds 
========================================================================
Received Import Request.
  Time since last request: 498.585434 seconds.
  path: Assets/02.Sprites/Kenny Topdown Tanks Redux/PNG/Retina/tileGrass1.png
  artifactKey: Guid(349cff221c1ec074791ece0069b373d9) Importer(815301076,1909f56bfc062723c751e8b465ee728b)
Start importing Assets/02.Sprites/Kenny Topdown Tanks Redux/PNG/Retina/tileGrass1.png using Guid(349cff221c1ec074791ece0069b373d9) Importer(815301076,1909f56bfc062723c751e8b465ee728b)  -> (artifact id: '12eaf1238c97f3c8518c1f20c4907a07') in 0.198540 seconds 
========================================================================
Received Import Request.
  Time since last request: 6.833887 seconds.
  path: Assets/02.Sprites/Kenny Topdown Tanks Redux/PNG/Retina/tileSand_roadNorth.png
  artifactKey: Guid(6de58a1cbf005584eace3ef87c51c4be) Importer(815301076,1909f56bfc062723c751e8b465ee728b)
Start importing Assets/02.Sprites/Kenny Topdown Tanks Redux/PNG/Retina/tileSand_roadNorth.png using Guid(6de58a1cbf005584eace3ef87c51c4be) Importer(815301076,1909f56bfc062723c751e8b465ee728b)  -> (artifact id: '24ca4a04d1958f2d290cc0541d661a88') in 0.020674 seconds 
