Using pre-set license
Built from '2020.3/staging' branch; Version is '2020.3.40f1 (ba48d4efcef1) revision 12208340'; Using compiler version '192528614'; Build Type 'Release'
OS: 'Windows 11  (10.0.22621) 64bit Professional' Language: 'ko' Physical Memory: 16121 MB
BatchMode: 1, IsHumanControllingUs: 0, StartBugReporterOnCrash: 0, Is64bit: 1, IsPro: 0

COMMAND LINE ARGUMENTS:
C:\Program Files\Unity\Hub\Editor\2020.3.40f1\Editor\Unity.exe
-adb2
-batchMode
-noUpm
-name
AssetImportWorker0
-projectPath
D:/GAME_DEVELOPMENT/GitHub/2022_Engine_Study/2ND_Semester/TopDownTank
-logFile
Logs/AssetImportWorker0.log
-srvPort
62156
Successfully changed project path to: D:/GAME_DEVELOPMENT/GitHub/2022_Engine_Study/2ND_Semester/TopDownTank
D:/GAME_DEVELOPMENT/GitHub/2022_Engine_Study/2ND_Semester/TopDownTank
Using Asset Import Pipeline V2.
Refreshing native plugins compatible for Editor in 76.64 ms, found 3 plugins.
Preloading 0 native plugins for Editor in 0.00 ms.
Initialize engine version: 2020.3.40f1 (ba48d4efcef1)
[Subsystems] Discovering subsystems at path C:/Program Files/Unity/Hub/Editor/2020.3.40f1/Editor/Data/Resources/UnitySubsystems
[Subsystems] Discovering subsystems at path D:/GAME_DEVELOPMENT/GitHub/2022_Engine_Study/2ND_Semester/TopDownTank/Assets
GfxDevice: creating device client; threaded=0
Direct3D:
    Version:  Direct3D 11.0 [level 11.1]
    Renderer: NVIDIA GeForce RTX 3050 Ti Laptop GPU (ID=0x25a0)
    Vendor:   
    VRAM:     3990 MB
    Driver:   30.0.15.1215
Initialize mono
Mono path[0] = 'C:/Program Files/Unity/Hub/Editor/2020.3.40f1/Editor/Data/Managed'
Mono path[1] = 'C:/Program Files/Unity/Hub/Editor/2020.3.40f1/Editor/Data/MonoBleedingEdge/lib/mono/unityjit'
Mono config path = 'C:/Program Files/Unity/Hub/Editor/2020.3.40f1/Editor/Data/MonoBleedingEdge/etc'
Using monoOptions --debugger-agent=transport=dt_socket,embedding=1,server=y,suspend=n,address=127.0.0.1:56344
Begin MonoManager ReloadAssembly
Registering precompiled unity dll's ...
Register platform support module: C:/Program Files/Unity/Hub/Editor/2020.3.40f1/Editor/Data/PlaybackEngines/WindowsStandaloneSupport/UnityEditor.WindowsStandalone.Extensions.dll
Registered in 0.001261 seconds.
Native extension for WindowsStandalone target not found
Refreshing native plugins compatible for Editor in 82.02 ms, found 3 plugins.
Preloading 0 native plugins for Editor in 0.00 ms.
Mono: successfully reloaded assembly
- Completed reload, in  0.643 seconds
Domain Reload Profiling:
	ReloadAssembly (644ms)
		BeginReloadAssembly (59ms)
			ExecutionOrderSort (0ms)
			DisableScriptedObjects (0ms)
			BackupInstance (0ms)
			ReleaseScriptingObjects (0ms)
			CreateAndSetChildDomain (1ms)
		EndReloadAssembly (523ms)
			LoadAssemblies (58ms)
			RebuildTransferFunctionScriptingTraits (0ms)
			SetupTypeCache (183ms)
			ReleaseScriptCaches (0ms)
			RebuildScriptCaches (24ms)
			SetupLoadedEditorAssemblies (215ms)
				LogAssemblyErrors (0ms)
				InitializePlatformSupportModulesInManaged (3ms)
				SetLoadedEditorAssemblies (1ms)
				RefreshPlugins (82ms)
				BeforeProcessingInitializeOnLoad (17ms)
				ProcessInitializeOnLoadAttributes (84ms)
				ProcessInitializeOnLoadMethodAttributes (28ms)
				AfterProcessingInitializeOnLoad (0ms)
				EditorAssembliesLoaded (0ms)
			ExecutionOrderSort2 (0ms)
			AwakeInstancesAfterBackupRestoration (0ms)
Platform modules already initialized, skipping
Registering precompiled user dll's ...
Registered in 0.004584 seconds.
Begin MonoManager ReloadAssembly
Symbol file LoadedFromMemory doesn't match image D:\GAME_DEVELOPMENT\GitHub\2022_Engine_Study\2ND_Semester\TopDownTank\Library\PackageCache\com.unity.visualscripting@1.7.8\Editor\VisualScripting.Core\Dependencies\YamlDotNet\Unity.VisualScripting.YamlDotNet.dll
Symbol file LoadedFromMemory doesn't match image D:\GAME_DEVELOPMENT\GitHub\2022_Engine_Study\2ND_Semester\TopDownTank\Library\PackageCache\com.unity.visualscripting@1.7.8\Editor\VisualScripting.Core\Dependencies\DotNetZip\Unity.VisualScripting.IonicZip.dll
Native extension for WindowsStandalone target not found
Refreshing native plugins compatible for Editor in 0.85 ms, found 3 plugins.
Preloading 0 native plugins for Editor in 0.00 ms.
Mono: successfully reloaded assembly
- Completed reload, in  1.007 seconds
Domain Reload Profiling:
	ReloadAssembly (1009ms)
		BeginReloadAssembly (130ms)
			ExecutionOrderSort (0ms)
			DisableScriptedObjects (3ms)
			BackupInstance (0ms)
			ReleaseScriptingObjects (0ms)
			CreateAndSetChildDomain (23ms)
		EndReloadAssembly (833ms)
			LoadAssemblies (89ms)
			RebuildTransferFunctionScriptingTraits (0ms)
			SetupTypeCache (301ms)
			ReleaseScriptCaches (1ms)
			RebuildScriptCaches (40ms)
			SetupLoadedEditorAssemblies (336ms)
				LogAssemblyErrors (0ms)
				InitializePlatformSupportModulesInManaged (4ms)
				SetLoadedEditorAssemblies (1ms)
				RefreshPlugins (1ms)
				BeforeProcessingInitializeOnLoad (103ms)
				ProcessInitializeOnLoadAttributes (202ms)
				ProcessInitializeOnLoadMethodAttributes (20ms)
				AfterProcessingInitializeOnLoad (5ms)
				EditorAssembliesLoaded (0ms)
			ExecutionOrderSort2 (0ms)
			AwakeInstancesAfterBackupRestoration (2ms)
Platform modules already initialized, skipping
========================================================================
Worker process is ready to serve import requests
Launched and connected shader compiler UnityShaderCompiler.exe after 0.04 seconds
Refreshing native plugins compatible for Editor in 0.57 ms, found 3 plugins.
Preloading 0 native plugins for Editor in 0.00 ms.
Unloading 3175 Unused Serialized files (Serialized files now loaded: 0)
System memory in use before: 111.3 MB.
System memory in use after: 111.5 MB.

Unloading 25 unused Assets to reduce memory usage. Loaded Objects now: 3609.
Total: 3.462800 ms (FindLiveObjects: 0.220800 ms CreateObjectMapping: 0.062900 ms MarkObjects: 3.077600 ms  DeleteObjects: 0.100200 ms)

AssetImportParameters requested are different than current active one (requested -> active):
  custom:framework-win-MediaFoundation: 216162199b28c13a410421893ffa2e32 -> 
  custom:video-decoder-ogg-theora: a1e56fd34408186e4bbccfd4996cb3dc -> 
  custom:container-muxer-webm: aa71ff27fc2769a1b78a27578f13a17b -> 
  custom:container-demuxer-webm: 4f35f7cbe854078d1ac9338744f61a02 -> 
  custom:container-demuxer-ogg: 62fdf1f143b41e24485cea50d1cbac27 -> 
  custom:video-encoder-webm-vp8: eb34c28f22e8b96e1ab97ce403110664 -> 
  custom:video-codec-MediaFoundation-h265: 746d11721c4dcdbdad8f713fa42b33f4 -> 
  custom:video-decoder-webm-vp8: 9c59270c3fd7afecdb556c50c9e8de78 -> 
  custom:audio-decoder-ogg-vorbis: bf7c407c2cedff20999df2af8eb42d56 -> 
  custom:audio-encoder-webm-vorbis: bf7c407c2cedff20999df2af8eb42d56 -> 
========================================================================
Received Import Request.
  path: Assets/00.Scenes
  artifactKey: Guid(131a6b21c8605f84396be9f6751fb6e3) Importer(815301076,1909f56bfc062723c751e8b465ee728b)
Start importing Assets/00.Scenes using Guid(131a6b21c8605f84396be9f6751fb6e3) Importer(815301076,1909f56bfc062723c751e8b465ee728b)  -> (artifact id: 'b960d109628cfcbc9adad87e80b222a6') in 0.016546 seconds 
========================================================================
Received Import Request.
  Time since last request: 1.305667 seconds.
  path: Assets/Scripts
  artifactKey: Guid(c1ef8f8db1b071344bba35032cb49ced) Importer(815301076,1909f56bfc062723c751e8b465ee728b)
Start importing Assets/Scripts using Guid(c1ef8f8db1b071344bba35032cb49ced) Importer(815301076,1909f56bfc062723c751e8b465ee728b)  -> (artifact id: 'ce446b13d2897f936a33bbbe3727b0a1') in 0.004860 seconds 
========================================================================
Received Import Request.
  Time since last request: 4.330628 seconds.
  path: Assets/01.Scripts
  artifactKey: Guid(c1ef8f8db1b071344bba35032cb49ced) Importer(815301076,1909f56bfc062723c751e8b465ee728b)
Start importing Assets/01.Scripts using Guid(c1ef8f8db1b071344bba35032cb49ced) Importer(815301076,1909f56bfc062723c751e8b465ee728b)  -> (artifact id: 'e13921b736c2570547c0c051a0dc8cfb') in 0.006668 seconds 
========================================================================
Received Prepare
Registering precompiled user dll's ...
Registered in 0.002478 seconds.
Begin MonoManager ReloadAssembly
Symbol file LoadedFromMemory doesn't match image D:\GAME_DEVELOPMENT\GitHub\2022_Engine_Study\2ND_Semester\TopDownTank\Library\PackageCache\com.unity.visualscripting@1.7.8\Editor\VisualScripting.Core\Dependencies\YamlDotNet\Unity.VisualScripting.YamlDotNet.dll
Symbol file LoadedFromMemory doesn't match image D:\GAME_DEVELOPMENT\GitHub\2022_Engine_Study\2ND_Semester\TopDownTank\Library\PackageCache\com.unity.visualscripting@1.7.8\Editor\VisualScripting.Core\Dependencies\DotNetZip\Unity.VisualScripting.IonicZip.dll
Native extension for WindowsStandalone target not found
Refreshing native plugins compatible for Editor in 0.82 ms, found 3 plugins.
Preloading 0 native plugins for Editor in 0.00 ms.
Mono: successfully reloaded assembly
- Completed reload, in  1.047 seconds
Domain Reload Profiling:
	ReloadAssembly (1048ms)
		BeginReloadAssembly (125ms)
			ExecutionOrderSort (0ms)
			DisableScriptedObjects (5ms)
			BackupInstance (0ms)
			ReleaseScriptingObjects (0ms)
			CreateAndSetChildDomain (44ms)
		EndReloadAssembly (865ms)
			LoadAssemblies (89ms)
			RebuildTransferFunctionScriptingTraits (0ms)
			SetupTypeCache (334ms)
			ReleaseScriptCaches (2ms)
			RebuildScriptCaches (38ms)
			SetupLoadedEditorAssemblies (304ms)
				LogAssemblyErrors (0ms)
				InitializePlatformSupportModulesInManaged (6ms)
				SetLoadedEditorAssemblies (1ms)
				RefreshPlugins (1ms)
				BeforeProcessingInitializeOnLoad (82ms)
				ProcessInitializeOnLoadAttributes (192ms)
				ProcessInitializeOnLoadMethodAttributes (18ms)
				AfterProcessingInitializeOnLoad (4ms)
				EditorAssembliesLoaded (0ms)
			ExecutionOrderSort2 (0ms)
			AwakeInstancesAfterBackupRestoration (2ms)
Platform modules already initialized, skipping
Refreshing native plugins compatible for Editor in 0.61 ms, found 3 plugins.
Preloading 0 native plugins for Editor in 0.00 ms.
Unloading 3169 Unused Serialized files (Serialized files now loaded: 0)
System memory in use before: 111.2 MB.
System memory in use after: 111.4 MB.

Unloading 16 unused Assets to reduce memory usage. Loaded Objects now: 3612.
Total: 4.159000 ms (FindLiveObjects: 0.447600 ms CreateObjectMapping: 0.210300 ms MarkObjects: 3.453500 ms  DeleteObjects: 0.046100 ms)

AssetImportParameters requested are different than current active one (requested -> active):
  custom:framework-win-MediaFoundation: 216162199b28c13a410421893ffa2e32 -> 
  custom:video-decoder-ogg-theora: a1e56fd34408186e4bbccfd4996cb3dc -> 
  custom:container-muxer-webm: aa71ff27fc2769a1b78a27578f13a17b -> 
  custom:container-demuxer-webm: 4f35f7cbe854078d1ac9338744f61a02 -> 
  custom:container-demuxer-ogg: 62fdf1f143b41e24485cea50d1cbac27 -> 
  custom:video-encoder-webm-vp8: eb34c28f22e8b96e1ab97ce403110664 -> 
  custom:video-codec-MediaFoundation-h265: 746d11721c4dcdbdad8f713fa42b33f4 -> 
  custom:video-decoder-webm-vp8: 9c59270c3fd7afecdb556c50c9e8de78 -> 
  custom:audio-decoder-ogg-vorbis: bf7c407c2cedff20999df2af8eb42d56 -> 
  custom:audio-encoder-webm-vorbis: bf7c407c2cedff20999df2af8eb42d56 -> 
========================================================================
Received Import Request.
  Time since last request: 3.972460 seconds.
  path: Assets/Audio
  artifactKey: Guid(3266617ef621851488534f6ce888c8f8) Importer(815301076,1909f56bfc062723c751e8b465ee728b)
Start importing Assets/Audio using Guid(3266617ef621851488534f6ce888c8f8) Importer(815301076,1909f56bfc062723c751e8b465ee728b)  -> (artifact id: '4de156f2385b8fb9507f34aa1a737e90') in 0.014729 seconds 
========================================================================
Received Import Request.
  Time since last request: 0.335406 seconds.
  path: Assets/Sprites
  artifactKey: Guid(c1a10dbae8575774f8a9a95b791ca0d5) Importer(815301076,1909f56bfc062723c751e8b465ee728b)
Start importing Assets/Sprites using Guid(c1a10dbae8575774f8a9a95b791ca0d5) Importer(815301076,1909f56bfc062723c751e8b465ee728b)  -> (artifact id: '3468da2189826122a10fc0b41aa94f87') in 0.053599 seconds 
========================================================================
Received Import Request.
  Time since last request: 4.716317 seconds.
  path: Assets/02
  artifactKey: Guid(c1a10dbae8575774f8a9a95b791ca0d5) Importer(815301076,1909f56bfc062723c751e8b465ee728b)
Start importing Assets/02 using Guid(c1a10dbae8575774f8a9a95b791ca0d5) Importer(815301076,1909f56bfc062723c751e8b465ee728b)  -> (artifact id: '9bffab2f26bce437eb164fd467829b2b') in 0.005919 seconds 
========================================================================
Received Import Request.
  Time since last request: 7.093109 seconds.
  path: Assets/02.Sprites
  artifactKey: Guid(c1a10dbae8575774f8a9a95b791ca0d5) Importer(815301076,1909f56bfc062723c751e8b465ee728b)
Start importing Assets/02.Sprites using Guid(c1a10dbae8575774f8a9a95b791ca0d5) Importer(815301076,1909f56bfc062723c751e8b465ee728b)  -> (artifact id: '8e18d3f2d4c794a40ebb7dcdde0cec45') in 0.004782 seconds 
========================================================================
Received Import Request.
  Time since last request: 2.640976 seconds.
  path: Assets
  artifactKey: Guid(00000000000000001000000000000000) Importer(815301076,1909f56bfc062723c751e8b465ee728b)
Start importing Assets using Guid(00000000000000001000000000000000) Importer(815301076,1909f56bfc062723c751e8b465ee728b)  -> (artifact id: '42d402b061de3733987d63b9cc3b64de') in 0.016237 seconds 
========================================================================
Received Import Request.
  Time since last request: 8.994272 seconds.
  path: Assets/03.Animation
  artifactKey: Guid(25af88889fbed344eabdd882eb180299) Importer(815301076,1909f56bfc062723c751e8b465ee728b)
Start importing Assets/03.Animation using Guid(25af88889fbed344eabdd882eb180299) Importer(815301076,1909f56bfc062723c751e8b465ee728b)  -> (artifact id: '4ced884f7889279f3a8154096b7b0aa4') in 0.012887 seconds 
========================================================================
Received Import Request.
  Time since last request: 1.529576 seconds.
  path: Assets/Prefabs
  artifactKey: Guid(65358e8a6d5b4564489fa590b9e9c019) Importer(815301076,1909f56bfc062723c751e8b465ee728b)
Start importing Assets/Prefabs using Guid(65358e8a6d5b4564489fa590b9e9c019) Importer(815301076,1909f56bfc062723c751e8b465ee728b)  -> (artifact id: 'a442d2521cc68957bba1ab43d21cda05') in 0.008233 seconds 
========================================================================
Received Import Request.
  Time since last request: 3.673148 seconds.
  path: Assets/04.Prefabs
  artifactKey: Guid(65358e8a6d5b4564489fa590b9e9c019) Importer(815301076,1909f56bfc062723c751e8b465ee728b)
Start importing Assets/04.Prefabs using Guid(65358e8a6d5b4564489fa590b9e9c019) Importer(815301076,1909f56bfc062723c751e8b465ee728b)  -> (artifact id: '4c0e494adb6a43071779e1943d07516e') in 0.006670 seconds 
========================================================================
Received Import Request.
  Time since last request: 0.796742 seconds.
  path: Assets/Data
  artifactKey: Guid(3351e267e01d1c9479ade815eccca90c) Importer(815301076,1909f56bfc062723c751e8b465ee728b)
Start importing Assets/Data using Guid(3351e267e01d1c9479ade815eccca90c) Importer(815301076,1909f56bfc062723c751e8b465ee728b)  -> (artifact id: 'ebc35d3f75cbf61f019bce7c44838b03') in 0.011671 seconds 
========================================================================
Received Import Request.
  Time since last request: 1.218958 seconds.
  path: Assets/Data/BulletData
  artifactKey: Guid(7ba08556eeb84454b892d194e52ea57e) Importer(815301076,1909f56bfc062723c751e8b465ee728b)
Start importing Assets/Data/BulletData using Guid(7ba08556eeb84454b892d194e52ea57e) Importer(815301076,1909f56bfc062723c751e8b465ee728b)  -> (artifact id: 'dd9befaa94113bb5a72eb11921dbf94e') in 0.009916 seconds 
========================================================================
Received Import Request.
  Time since last request: 1.910382 seconds.
  path: Assets/Data/BulletData/SlowBulletData.asset
  artifactKey: Guid(858c93dc53432e3438510dc4be425914) Importer(815301076,1909f56bfc062723c751e8b465ee728b)
Start importing Assets/Data/BulletData/SlowBulletData.asset using Guid(858c93dc53432e3438510dc4be425914) Importer(815301076,1909f56bfc062723c751e8b465ee728b)  -> (artifact id: '953ae51c064db12843412c2d2e8f6474') in 0.039830 seconds 
========================================================================
Received Import Request.
  Time since last request: 17.694941 seconds.
  path: Assets/05.ScriptableObjects
  artifactKey: Guid(3351e267e01d1c9479ade815eccca90c) Importer(815301076,1909f56bfc062723c751e8b465ee728b)
Start importing Assets/05.ScriptableObjects using Guid(3351e267e01d1c9479ade815eccca90c) Importer(815301076,1909f56bfc062723c751e8b465ee728b)  -> (artifact id: '3984cba003a34e5c98842f803764810e') in 0.007576 seconds 
========================================================================
Received Import Request.
  Time since last request: 4.484432 seconds.
  path: Assets/06.Audio
  artifactKey: Guid(3266617ef621851488534f6ce888c8f8) Importer(815301076,1909f56bfc062723c751e8b465ee728b)
Start importing Assets/06.Audio using Guid(3266617ef621851488534f6ce888c8f8) Importer(815301076,1909f56bfc062723c751e8b465ee728b)  -> (artifact id: '21cab6117b02d0b3ddd4ada3bcd59b4d') in 0.005719 seconds 
========================================================================
Received Import Request.
  Time since last request: 3.787541 seconds.
  path: Assets/00.Scenes/SampleScene.unity
  artifactKey: Guid(2cda990e2423bbf4892e6590ba056729) Importer(815301076,1909f56bfc062723c751e8b465ee728b)
Start importing Assets/00.Scenes/SampleScene.unity using Guid(2cda990e2423bbf4892e6590ba056729) Importer(815301076,1909f56bfc062723c751e8b465ee728b)  -> (artifact id: '9268647d6ccabf79b0b9c4de301f00e1') in 0.005464 seconds 
